TN:
SF:/Users/jhowlet/Documents/apicache/src/apicache.js
FN:18,(anonymous_0)
FN:19,(anonymous_1)
FN:24,(anonymous_2)
FN:25,(anonymous_3)
FN:30,(anonymous_4)
FN:35,getSafeHeaders
FN:39,ApiCache
FN:73,debug
FN:74,(anonymous_8)
FN:82,shouldCacheResponse
FN:100,addIndexEntries
FN:112,filterBlacklistedHeaders
FN:114,(anonymous_12)
FN:117,(anonymous_13)
FN:123,createCacheObject
FN:133,cacheResponse
FN:143,(anonymous_16)
FN:152,(anonymous_17)
FN:157,accumulateContent
FN:182,makeResponseCacheable
FN:193,(anonymous_20)
FN:197,(anonymous_21)
FN:212,(anonymous_22)
FN:218,(anonymous_23)
FN:248,sendCachedResponse
FN:295,syncOptions
FN:301,(anonymous_26)
FN:308,(anonymous_27)
FN:344,(anonymous_28)
FN:359,(anonymous_29)
FN:375,parseDuration
FN:395,(anonymous_31)
FN:407,(anonymous_32)
FN:408,(anonymous_33)
FN:413,(anonymous_34)
FN:421,cache
FN:429,(anonymous_36)
FN:431,(anonymous_37)
FN:446,NOOPCachePerformance
FN:447,(anonymous_39)
FN:453,CachePerformance
FN:501,(anonymous_41)
FN:521,(anonymous_42)
FN:554,(anonymous_43)
FN:566,(anonymous_44)
FN:579,(anonymous_45)
FN:588,(anonymous_46)
FN:598,(anonymous_47)
FN:599,bypass
FN:654,(anonymous_49)
FN:697,(anonymous_50)
FN:717,(anonymous_51)
FN:724,(anonymous_52)
FN:734,(anonymous_53)
FNF:54
FNH:50
FNDA:44,(anonymous_0)
FNDA:44,(anonymous_1)
FNDA:44,(anonymous_2)
FNDA:44,(anonymous_3)
FNDA:81,(anonymous_4)
FNDA:192,getSafeHeaders
FNDA:64,ApiCache
FNDA:300,debug
FNDA:1500,(anonymous_8)
FNDA:122,shouldCacheResponse
FNDA:56,addIndexEntries
FNDA:79,filterBlacklistedHeaders
FNDA:319,(anonymous_12)
FNDA:317,(anonymous_13)
FNDA:56,createCacheObject
FNDA:56,cacheResponse
FNDA:0,(anonymous_16)
FNDA:42,(anonymous_17)
FNDA:69,accumulateContent
FNDA:62,makeResponseCacheable
FNDA:2,(anonymous_20)
FNDA:62,(anonymous_21)
FNDA:13,(anonymous_22)
FNDA:62,(anonymous_23)
FNDA:25,sendCachedResponse
FNDA:113,syncOptions
FNDA:43,(anonymous_26)
FNDA:0,(anonymous_27)
FNDA:1,(anonymous_28)
FNDA:0,(anonymous_29)
FNDA:88,parseDuration
FNDA:81,(anonymous_31)
FNDA:4,(anonymous_32)
FNDA:3,(anonymous_33)
FNDA:75,(anonymous_34)
FNDA:68,cache
FNDA:78,(anonymous_36)
FNDA:48,(anonymous_37)
FNDA:65,NOOPCachePerformance
FNDA:84,(anonymous_39)
FNDA:3,CachePerformance
FNDA:3,(anonymous_41)
FNDA:12,(anonymous_42)
FNDA:12,(anonymous_43)
FNDA:3,(anonymous_44)
FNDA:1,(anonymous_45)
FNDA:2,(anonymous_46)
FNDA:91,(anonymous_47)
FNDA:4,bypass
FNDA:0,(anonymous_49)
FNDA:42,(anonymous_50)
FNDA:64,(anonymous_51)
FNDA:63,(anonymous_52)
FNDA:3,(anonymous_53)
DA:2,1
DA:3,1
DA:4,1
DA:6,1
DA:16,1
DA:18,1
DA:19,44
DA:20,44
DA:24,1
DA:25,44
DA:26,44
DA:30,1
DA:31,81
DA:32,81
DA:36,192
DA:40,64
DA:42,64
DA:64,64
DA:65,64
DA:66,64
DA:67,64
DA:68,64
DA:70,64
DA:71,64
DA:74,300
DA:75,1500
DA:77,300
DA:79,300
DA:83,122
DA:84,122
DA:86,122
DA:88,122
DA:89,6
DA:92,116
DA:93,4
DA:94,112
DA:95,4
DA:97,108
DA:101,56
DA:103,56
DA:104,1
DA:105,1
DA:106,1
DA:109,56
DA:113,79
DA:115,319
DA:118,317
DA:119,317
DA:124,56
DA:134,56
DA:135,56
DA:137,56
DA:139,56
DA:140,0
DA:141,0
DA:142,0
DA:143,0
DA:145,0
DA:148,56
DA:152,56
DA:153,42
DA:158,69
DA:159,64
DA:160,7
DA:161,57
DA:162,57
DA:164,57
DA:165,0
DA:168,57
DA:169,53
DA:172,57
DA:177,0
DA:184,62
DA:193,62
DA:194,2
DA:197,62
DA:199,62
DA:200,60
DA:201,52
DA:203,8
DA:207,62
DA:208,62
DA:212,62
DA:213,13
DA:214,13
DA:218,62
DA:219,62
DA:220,56
DA:222,56
DA:223,56
DA:224,56
DA:225,56
DA:231,56
DA:234,56
DA:235,56
DA:236,56
DA:237,56
DA:238,56
DA:242,62
DA:245,62
DA:249,25
DA:250,2
DA:253,23
DA:255,23
DA:267,23
DA:268,21
DA:275,23
DA:276,23
DA:277,0
DA:282,23
DA:283,23
DA:285,23
DA:286,2
DA:287,2
DA:290,21
DA:292,21
DA:296,113
DA:297,170
DA:301,64
DA:302,43
DA:303,43
DA:305,43
DA:306,0
DA:308,0
DA:309,0
DA:310,0
DA:311,0
DA:312,0
DA:313,0
DA:315,0
DA:316,0
DA:318,0
DA:321,0
DA:324,0
DA:325,43
DA:326,43
DA:327,43
DA:328,43
DA:330,43
DA:331,43
DA:333,0
DA:334,0
DA:336,0
DA:341,43
DA:344,43
DA:345,1
DA:348,1
DA:349,1
DA:353,0
DA:355,0
DA:356,0
DA:359,0
DA:360,0
DA:361,0
DA:362,0
DA:363,0
DA:365,0
DA:369,0
DA:372,43
DA:376,88
DA:378,75
DA:379,72
DA:381,72
DA:382,72
DA:383,72
DA:384,72
DA:385,3
DA:388,72
DA:392,3
DA:395,64
DA:396,81
DA:407,64
DA:408,4
DA:409,3
DA:413,64
DA:414,75
DA:415,1
DA:417,74
DA:421,64
DA:422,68
DA:423,68
DA:425,68
DA:429,68
DA:430,78
DA:431,8
DA:432,48
DA:436,78
DA:438,78
DA:441,68
DA:447,65
DA:458,3
DA:464,3
DA:470,3
DA:476,3
DA:481,3
DA:486,3
DA:491,3
DA:496,3
DA:501,3
DA:502,3
DA:521,3
DA:522,12
DA:523,12
DA:524,12
DA:525,83325
DA:526,83325
DA:527,333300
DA:529,4
DA:530,4
DA:532,8
DA:533,8
DA:535,333300
DA:538,12
DA:539,12
DA:540,8
DA:554,3
DA:555,12
DA:556,12
DA:557,12
DA:558,12
DA:559,12
DA:566,3
DA:567,3
DA:568,3
DA:569,3
DA:570,3
DA:571,3
DA:572,3
DA:579,3
DA:580,1
DA:581,1
DA:588,3
DA:589,2
DA:590,2
DA:594,68
DA:596,68
DA:598,68
DA:600,4
DA:601,4
DA:605,91
DA:606,91
DA:616,87
DA:619,87
DA:622,87
DA:623,0
DA:627,87
DA:628,2
DA:629,85
DA:630,2
DA:632,2
DA:633,2
DA:635,2
DA:639,87
DA:640,87
DA:643,87
DA:644,25
DA:645,25
DA:647,25
DA:648,25
DA:652,62
DA:653,0
DA:654,0
DA:655,0
DA:656,0
DA:657,0
DA:659,0
DA:660,0
DA:669,0
DA:670,0
DA:683,0
DA:684,0
DA:687,62
DA:688,62
DA:692,68
DA:694,68
DA:697,64
DA:698,42
DA:699,35
DA:700,35
DA:702,35
DA:704,7
DA:707,35
DA:708,3
DA:711,35
DA:713,7
DA:717,64
DA:718,64
DA:724,64
DA:725,63
DA:727,63
DA:728,26
DA:731,63
DA:734,64
DA:735,3
DA:739,64
DA:742,1
LF:296
LH:251
BRDA:31,0,0,0
BRDA:31,0,1,81
BRDA:32,1,0,0
BRDA:32,1,1,81
BRDA:36,2,0,192
BRDA:36,2,1,0
BRDA:77,3,0,300
BRDA:77,3,1,0
BRDA:79,4,0,300
BRDA:79,4,1,300
BRDA:79,4,2,0
BRDA:86,5,0,0
BRDA:86,5,1,122
BRDA:88,6,0,6
BRDA:88,6,1,116
BRDA:88,7,0,122
BRDA:88,7,1,8
BRDA:92,8,0,4
BRDA:92,8,1,112
BRDA:92,9,0,116
BRDA:92,9,1,112
BRDA:92,9,2,4
BRDA:94,10,0,4
BRDA:94,10,1,108
BRDA:94,11,0,112
BRDA:94,11,1,112
BRDA:94,11,2,4
BRDA:103,12,0,1
BRDA:103,12,1,55
BRDA:105,13,0,1
BRDA:105,13,1,1
BRDA:139,14,0,0
BRDA:139,14,1,56
BRDA:143,15,0,0
BRDA:143,15,1,0
BRDA:158,16,0,64
BRDA:158,16,1,5
BRDA:159,17,0,7
BRDA:159,17,1,57
BRDA:160,18,0,7
BRDA:160,18,1,3
BRDA:161,19,0,57
BRDA:161,19,1,0
BRDA:164,20,0,0
BRDA:164,20,1,57
BRDA:165,21,0,0
BRDA:165,21,1,0
BRDA:168,22,0,53
BRDA:168,22,1,4
BRDA:169,23,0,0
BRDA:169,23,1,53
BRDA:199,24,0,60
BRDA:199,24,1,2
BRDA:200,25,0,52
BRDA:200,25,1,8
BRDA:219,26,0,56
BRDA:219,26,1,6
BRDA:222,27,0,56
BRDA:222,27,1,0
BRDA:222,28,0,56
BRDA:222,28,1,56
BRDA:224,29,0,56
BRDA:224,29,1,51
BRDA:249,30,0,2
BRDA:249,30,1,23
BRDA:249,31,0,25
BRDA:249,31,1,2
BRDA:255,32,0,23
BRDA:255,32,1,0
BRDA:267,33,0,21
BRDA:267,33,1,2
BRDA:269,34,0,0
BRDA:269,34,1,21
BRDA:276,35,0,0
BRDA:276,35,1,23
BRDA:276,36,0,23
BRDA:276,36,1,23
BRDA:278,37,0,0
BRDA:278,37,1,0
BRDA:285,38,0,2
BRDA:285,38,1,21
BRDA:285,39,0,23
BRDA:285,39,1,2
BRDA:290,40,0,21
BRDA:290,40,1,0
BRDA:305,41,0,0
BRDA:305,41,1,43
BRDA:312,42,0,0
BRDA:312,42,1,0
BRDA:325,43,0,43
BRDA:325,43,1,0
BRDA:326,44,0,42
BRDA:326,44,1,1
BRDA:330,45,0,43
BRDA:330,45,1,0
BRDA:348,46,0,1
BRDA:348,46,1,0
BRDA:355,47,0,0
BRDA:355,47,1,0
BRDA:376,48,0,13
BRDA:376,48,1,75
BRDA:378,49,0,72
BRDA:378,49,1,3
BRDA:381,50,0,72
BRDA:381,50,1,0
BRDA:384,51,0,3
BRDA:384,51,1,69
BRDA:388,52,0,72
BRDA:388,52,1,0
BRDA:388,53,0,72
BRDA:388,53,1,0
BRDA:414,54,0,1
BRDA:414,54,1,74
BRDA:430,55,0,8
BRDA:430,55,1,70
BRDA:508,56,0,1
BRDA:508,56,1,2
BRDA:527,57,0,4
BRDA:527,57,1,8
BRDA:539,58,0,4
BRDA:539,58,1,8
BRDA:558,59,0,4
BRDA:558,59,1,8
BRDA:571,60,0,1
BRDA:571,60,1,2
BRDA:594,61,0,3
BRDA:594,61,1,65
BRDA:605,62,0,0
BRDA:605,62,1,91
BRDA:606,63,0,4
BRDA:606,63,1,87
BRDA:606,64,0,91
BRDA:606,64,1,89
BRDA:619,65,0,87
BRDA:619,65,1,1
BRDA:622,66,0,0
BRDA:622,66,1,87
BRDA:627,67,0,2
BRDA:627,67,1,85
BRDA:629,68,0,2
BRDA:629,68,1,83
BRDA:640,69,0,87
BRDA:640,69,1,0
BRDA:643,70,0,25
BRDA:643,70,1,62
BRDA:643,71,0,87
BRDA:643,71,1,25
BRDA:652,72,0,0
BRDA:652,72,1,62
BRDA:655,73,0,0
BRDA:655,73,1,0
BRDA:655,74,0,0
BRDA:655,74,1,0
BRDA:655,74,2,0
BRDA:698,75,0,35
BRDA:698,75,1,7
BRDA:702,76,0,7
BRDA:702,76,1,28
BRDA:707,77,0,3
BRDA:707,77,1,32
BRDA:727,78,0,26
BRDA:727,78,1,37
BRF:162
BRH:121
end_of_record
TN:
SF:/Users/jhowlet/Documents/apicache/src/memory-cache.js
FN:1,MemoryCache
FN:6,(anonymous_1)
FN:13,(anonymous_2)
FN:25,(anonymous_3)
FN:39,(anonymous_4)
FN:45,(anonymous_5)
FN:51,(anonymous_6)
FN:52,(anonymous_7)
FNF:8
FNH:6
FNDA:64,MemoryCache
FNDA:56,(anonymous_1)
FNDA:42,(anonymous_2)
FNDA:85,(anonymous_3)
FNDA:87,(anonymous_4)
FNDA:87,(anonymous_5)
FNDA:0,(anonymous_6)
FNDA:0,(anonymous_7)
DA:2,64
DA:3,64
DA:6,1
DA:7,56
DA:8,56
DA:10,56
DA:14,42
DA:15,42
DA:19,56
DA:20,56
DA:22,56
DA:25,1
DA:26,85
DA:28,85
DA:29,43
DA:32,85
DA:34,85
DA:36,85
DA:39,1
DA:40,87
DA:42,87
DA:45,1
DA:46,87
DA:48,87
DA:51,1
DA:52,0
DA:53,0
DA:56,0
DA:59,1
LF:29
LH:26
BRDA:15,0,0,42
BRDA:15,0,1,4
BRDA:15,0,2,4
BRDA:28,1,0,43
BRDA:28,1,1,42
BRDA:48,2,0,87
BRDA:48,2,1,25
BRF:7
BRH:7
end_of_record
